c:\users\annie\documents\cppprojects\backjack\build\blackjack.dir\debug\vc143.pdb
c:\users\annie\documents\cppprojects\backjack\build\blackjack.dir\debug\helpers.obj
c:\users\annie\documents\cppprojects\backjack\build\blackjack.dir\debug\files.obj
c:\users\annie\documents\cppprojects\backjack\build\blackjack.dir\debug\q_table_validation.obj
c:\users\annie\documents\cppprojects\backjack\build\blackjack.dir\debug\qlearning.obj
c:\users\annie\documents\cppprojects\backjack\build\blackjack.dir\debug\training.obj
c:\users\annie\documents\cppprojects\backjack\build\blackjack.dir\debug\main.obj
c:\users\annie\documents\cppprojects\backjack\build\cmakefiles\generate.stamp
c:\users\annie\documents\cppprojects\backjack\build\debug\blackjack.exe
c:\users\annie\documents\cppprojects\backjack\build\debug\blackjack.pdb
c:\users\annie\documents\cppprojects\backjack\build\blackjack.dir\debug\blackjack.ilk
c:\users\annie\documents\cppprojects\backjack\build\blackjack.dir\debug\blackjack.tlog\cl.command.1.tlog
c:\users\annie\documents\cppprojects\backjack\build\blackjack.dir\debug\blackjack.tlog\cl.items.tlog
c:\users\annie\documents\cppprojects\backjack\build\blackjack.dir\debug\blackjack.tlog\cl.read.1.tlog
c:\users\annie\documents\cppprojects\backjack\build\blackjack.dir\debug\blackjack.tlog\cl.write.1.tlog
c:\users\annie\documents\cppprojects\backjack\build\blackjack.dir\debug\blackjack.tlog\custombuild.command.1.tlog
c:\users\annie\documents\cppprojects\backjack\build\blackjack.dir\debug\blackjack.tlog\custombuild.read.1.tlog
c:\users\annie\documents\cppprojects\backjack\build\blackjack.dir\debug\blackjack.tlog\custombuild.write.1.tlog
c:\users\annie\documents\cppprojects\backjack\build\blackjack.dir\debug\blackjack.tlog\link.command.1.tlog
c:\users\annie\documents\cppprojects\backjack\build\blackjack.dir\debug\blackjack.tlog\link.read.1.tlog
c:\users\annie\documents\cppprojects\backjack\build\blackjack.dir\debug\blackjack.tlog\link.secondary.1.tlog
c:\users\annie\documents\cppprojects\backjack\build\blackjack.dir\debug\blackjack.tlog\link.write.1.tlog
